=== COMPILACAO BAK ===
Data: 03/07/2026 17:09:18

FormSigPrGlx.prg.bak: ERRO
.Top = 12 : .Left = 10 : .Width = 342 : .Height = 110
Error in line 387: Syntax error.
.Top = 9 : .Left = 605 : .Width = 173 : .Height = 38
Error in line 393: Syntax error.
.Top = 129 : .Left = 36 : .Width = 727 : .Height = 40
Error in line 400: Syntax error.
.BackStyle = 1 : .BackColor = RGB(220,220,220) : .BorderWidth = 0
Error in line 401: Syntax error.
.AutoSize = .F. : .Caption = "Per"+CHR(237)+"odo: xx meses"
Error in line 405: Syntax error.
.Top = 2 : .Left = 8 : .Width = 105 : .Height = 15
Error in line 406: Syntax error.
.BackStyle = 0 : .FontName = "Tahoma" : .FontSize = 8
Error in line 407: Syntax error.
.AutoSize = .F. : .Caption = "Referencia Analisada :"
Error in line 412: Syntax error.
.Top = 18 : .Left = 8 : .Width = 127 : .Height = 15
Error in line 413: Syntax error.
.BackStyle = 0 : .FontName = "Tahoma" : .FontSize = 8
Error in line 414: Syntax error.
.Top = 16 : .Left = 141 : .Width = 108 : .Height = 19
Error in line 419: Syntax error.
.ReadOnly = .T. : .BackColor = RGB(220,220,220) : .BorderStyle = 0
Error in line 420: Syntax error.
.FontName = "Tahoma" : .FontSize = 8
Error in line 421: Syntax error.
.AutoSize = .F. : .Caption = "Qtde Vendida :"
Error in line 426: Syntax error.
.Top = 18 : .Left = 269 : .Width = 83 : .Height = 15
Error in line 427: Syntax error.
.BackStyle = 0 : .FontName = "Tahoma" : .FontSize = 8
Error in line 428: Syntax error.
.Top = 17 : .Left = 349 : .Width = 80 : .Height = 19
Error in line 433: Syntax error.
.ReadOnly = .T. : .Format = "@Z 9999999.999"
Error in line 434: Syntax error.
.BackColor = RGB(220,220,220) : .BorderStyle = 0
Error in line 435: Syntax error.
.FontName = "Tahoma" : .FontSize = 8
Error in line 436: Syntax error.
.Top = 18 : .Left = 448 : .Width = 164 : .Height = 15
Error in line 443: Syntax error.
.BackStyle = 0 : .FontName = "Tahoma" : .FontSize = 8
Error in line 444: Syntax error.
.Top = 17 : .Left = 623 : .Width = 80 : .Height = 19
Error in line 449: Syntax error.
.ReadOnly = .T. : .Format = "@Z 9999999.999"
Error in line 450: Syntax error.
.BackColor = RGB(220,220,220) : .BorderStyle = 0
Error in line 451: Syntax error.
.FontName = "Tahoma" : .FontSize = 8
Error in line 452: Syntax error.
.Top = 173 : .Left = 52 : .Width = 586 : .Height = 173
Error in line 460: Syntax error.
.ColumnCount = 10 : .ReadOnly = .F.
Error in line 461: Syntax error.
.AllowAddNew = .F. : .DeleteMark = .F. : .RecordMark = .F.
Error in line 462: Syntax error.
.GridLines = 1 : .Themes = .F. : .FontName = "Tahoma" : .FontSize = 8
Error in line 463: Syntax error.
.Header1.Caption = "Produto" : .Width = 70 : .ReadOnly = .T.
Error in line 466: Syntax error.
.Header1.Caption = "Cor" : .Width = 35 : .ReadOnly = .T.
Error in line 470: Syntax error.
.Header1.Caption = "" : .Width = 18 : .ReadOnly = .T.
Error in line 474: Syntax error.
.Header1.Caption = "N"+CHR(250)+"mero" : .Width = 55 : .ReadOnly = .T.
Error in line 478: Syntax error.
.Header1.Caption = "Qtde Pedido" : .Width = 65 : .ReadOnly = .T.
Error in line 482: Syntax error.
.Header1.Caption = "Produzir" : .Width = 65 : .ReadOnly = .T.
Error in line 487: Syntax error.
.Header1.Caption = "Qtd Produ"+CHR(231)+CHR(227)+"o" : .Width = 65 : .ReadOnly = .F.
Error in line 492: Syntax error.
.Header1.Caption = "Produzir Estq" : .Width = 65 : .ReadOnly = .T.
Error in line 497: Syntax error.
.Header1.Caption = "Tam" : .Width = 30 : .ReadOnly = .T.
Error in line 502: Syntax error.
.Header1.Caption = "Qtd Estoque" : .Width = 65 : .ReadOnly = .F.
Error in line 506: Syntax error.
.AutoSize = .F. : .Caption = "Totais :"
Error in line 517: Syntax error.
.Top = 348 : .Left = 224 : .Width = 42 : .Height = 17
Error in line 518: Syntax error.
.BackStyle = 0 : .FontName = "Tahoma" : .FontSize = 8
Error in line 519: Syntax error.
.Top = 346 : .Left = 271 : .Width = 67 : .Height = 19
Error in line 524: Syntax error.
.ReadOnly = .T. : .Format = "@Z 9999999.999" : .FontName = "Tahoma" : .FontSize = 8
Error in line 525: Syntax error.
.Top = 346 : .Left = 339 : .Width = 67 : .Height = 19
Error in line 530: Syntax error.
.ReadOnly = .T. : .Format = "@Z 9999999.999" : .FontName = "Tahoma" : .FontSize = 8
Error in line 531: Syntax error.
.Top = 346 : .Left = 407 : .Width = 68 : .Height = 19
Error in line 536: Syntax error.
.ReadOnly = .T. : .Format = "@Z 9999999.999" : .FontName = "Tahoma" : .FontSize = 8
Error in line 537: Syntax error.
.Top = 346 : .Left = 476 : .Width = 67 : .Height = 19
Error in line 542: Syntax error.
.ReadOnly = .T. : .Format = "@Z 9999999.999" : .FontName = "Tahoma" : .FontSize = 8
Error in line 543: Syntax error.
.Top = 346 : .Left = 543 : .Width = 75 : .Height = 19
Error in line 548: Syntax error.
.ReadOnly = .T. : .Format = "@Z 9999999.999" : .FontName = "Tahoma" : .FontSize = 8
Error in line 549: Syntax error.
.Top = 371 : .Left = 50 : .Width = 363 : .Height = 186
Error in line 555: Syntax error.
.BackStyle = 1 : .BackColor = RGB(255,255,255) : .BorderWidth = 1
Error in line 556: Syntax error.
.AutoSize = .F. : .Caption = "Estoque Dispon"+CHR(237)+"vel"
Error in line 560: Syntax error.
.Top = 1 : .Left = 0 : .Width = 363 : .Height = 16
Error in line 561: Syntax error.
.BackStyle = 0 : .FontName = "Tahoma" : .FontSize = 8 : .FontBold = .T.
Error in line 562: Syntax error.
.Top = 15 : .Left = 3 : .Width = 358 : .Height = 147
Error in line 567: Syntax error.
.ColumnCount = 6 : .ReadOnly = .T.
Error in line 568: Syntax error.
.AllowAddNew = .F. : .DeleteMark = .F. : .RecordMark = .F.
Error in line 569: Syntax error.
.GridLines = 1 : .Themes = .F. : .FontName = "Tahoma" : .FontSize = 8
Error in line 570: Syntax error.
.Header1.Caption = "Grupo" : .ControlSource = "TmpSaldG.Grupos"
Error in line 573: Syntax error.
.Header1.Caption = "Conta" : .ControlSource = "TmpSaldG.Estos"
Error in line 576: Syntax error.
.Header1.Caption = "Atual" : .ControlSource = "TmpSaldG.Saldo"
Error in line 579: Syntax error.
.Header1.Caption = "Dispon"+CHR(237)+"vel" : .ControlSource = "TmpSaldG.Disps"
Error in line 586: Syntax error.
.Header1.Caption = "Prior" : .ControlSource = "TmpSaldG.Priors"
Error in line 590: Syntax error.
.AutoSize = .F. : .Caption = "Totais :"
Error in line 598: Syntax error.
.Top = 163 : .Left = 128 : .Width = 42 : .Height = 17
Error in line 599: Syntax error.
.BackStyle = 0 : .FontName = "Tahoma" : .FontSize = 8
Error in line 600: Syntax error.
.Top = 161 : .Left = 174 : .Width = 58 : .Height = 19
Error in line 605: Syntax error.
.ReadOnly = .T. : .Format = "@Z 9999999.999" : .FontName = "Tahoma" : .FontSize = 8
Error in line 606: Syntax error.
.Top = 161 : .Left = 234 : .Width = 58 : .Height = 19
Error in line 611: Syntax error.
.ReadOnly = .T. : .Format = "@Z 9999999.999" : .FontName = "Tahoma" : .FontSize = 8
Error in line 612: Syntax error.
.Top = 161 : .Left = 292 : .Width = 58 : .Height = 19
Error in line 617: Syntax error.
.ReadOnly = .T. : .Format = "@Z 9999999.999" : .FontName = "Tahoma" : .FontSize = 8
Error in line 618: Syntax error.
.Top = 371 : .Left = 418 : .Width = 308 : .Height = 136
Error in line 625: Syntax error.
.BackStyle = 1 : .BackColor = RGB(255,255,255) : .BorderWidth = 1
Error in line 626: Syntax error.
.AutoSize = .F. : .Caption = "Estoque Em Produ"+CHR(231)+CHR(227)+"o"
Error in line 630: Syntax error.
.Top = 1 : .Left = 1 : .Width = 305 : .Height = 16
Error in line 631: Syntax error.
.BackStyle = 0 : .FontName = "Tahoma" : .FontSize = 8 : .FontBold = .T.
Error in line 632: Syntax error.
.Top = 15 : .Left = 2 : .Width = 303 : .Height = 99
Error in line 637: Syntax error.
.ColumnCount = 5 : .ReadOnly = .T.
Error in line 638: Syntax error.
.AllowAddNew = .F. : .DeleteMark = .F. : .RecordMark = .F.
Error in line 639: Syntax error.
.GridLines = 1 : .Themes = .F. : .FontName = "Tahoma" : .FontSize = 8
Error in line 640: Syntax error.
.Header1.Caption = "Fase" : .ControlSource = "TmpSaldG.Grupos"
Error in line 643: Syntax error.
.Header1.Caption = "Disponivel" : .ControlSource = "TmpSaldG.Disps"
Error in line 646: Syntax error.
.Header1.Caption = "Utilizado" : .ControlSource = "TmpSaldG.Saldo"
Error in line 650: Syntax error.
.Header1.Caption = "Prior" : .ControlSource = "TmpSaldG.Priors"
Error in line 654: Syntax error.
.AutoSize = .F. : .Caption = "Totais :"
Error in line 665: Syntax error.
.Top = 115 : .Left = 102 : .Width = 42 : .Height = 17
Error in line 666: Syntax error.
.BackStyle = 0 : .FontName = "Tahoma" : .FontSize = 8
Error in line 667: Syntax error.
.Top = 113 : .Left = 145 : .Width = 61 : .Height = 19
Error in line 672: Syntax error.
.ReadOnly = .T. : .Format = "@Z 9999999.999" : .FontName = "Tahoma" : .FontSize = 8
Error in line 673: Syntax error.
.Top = 113 : .Left = 207 : .Width = 61 : .Height = 19
Error in line 678: Syntax error.
.ReadOnly = .T. : .Format = "@Z 9999999.999" : .FontName = "Tahoma" : .FontSize = 8
Error in line 679: Syntax error.
.Top = 255 : .Left = 646 : .Width = 122 : .Height = 89
Error in line 686: Syntax error.
.Visible = .F. : .Stretch = 2
Error in line 687: Syntax error.
.Top = 2 : .Left = 348 : .Width = 75 : .Height = 75
Error in line 693: Syntax error.
.Visible = .F. : .Themes = .F. : .FontName = "Tahoma" : .FontSize = 8
Error in line 695: Syntax error.
.Top = 2 : .Left = 423 : .Width = 75 : .Height = 75
Error in line 700: Syntax error.
.Visible = .F. : .Themes = .F. : .FontName = "Tahoma" : .FontSize = 8
Error in line 702: Syntax error.
.Top = 2 : .Left = 498 : .Width = 75 : .Height = 75
Error in line 707: Syntax error.
.Visible = .F. : .Themes = .F. : .FontName = "Tahoma" : .FontSize = 8
Error in line 709: Syntax error.
.Top = 2 : .Left = 573 : .Width = 75 : .Height = 75
Error in line 714: Syntax error.
.Themes = .F. : .FontName = "Tahoma" : .FontSize = 8
Error in line 716: Syntax error.
.Top = 2 : .Left = 648 : .Width = 75 : .Height = 75
Error in line 721: Syntax error.
.Themes = .F. : .FontName = "Tahoma" : .FontSize = 8
Error in line 723: Syntax error.
.Top = 2 : .Left = 723 : .Width = 75 : .Height = 75
Error in line 728: Syntax error.
.Themes = .F. : .FontName = "Tahoma" : .FontSize = 8
Error in line 731: Syntax error.
.Top = 189 : .Left = 687 : .Width = 40 : .Height = 40
Error in line 737: Syntax error.
.Caption = "" : .Themes = .T.
Error in line 738: Syntax error.
.FontName = "Tahoma" : .FontSize = 8
Error in line 742: Syntax error.
.AutoSize = .F. : .Caption = "Qtd Selecionada :"
Error in line 771: Syntax error.
.Top = 164 : .Left = 383 : .Width = 119 : .Height = 15
Error in line 772: Syntax error.
.BackStyle = 0 : .FontName = "Tahoma" : .FontSize = 8
Error in line 773: Syntax error.
.Top = 162 : .Left = 501 : .Width = 67 : .Height = 19
Error in line 778: Syntax error.
.ReadOnly = .T. : .Format = "@Z 9999999.999" : .FontName = "Tahoma" : .FontSize = 8
Error in line 779: Syntax error.
.Top = 162 : .Left = 567 : .Width = 67 : .Height = 19
Error in line 784: Syntax error.
.ReadOnly = .T. : .Format = "@Z 9999999.999" : .FontName = "Tahoma" : .FontSize = 8
Error in line 785: Syntax error.
.Top = 181 : .Left = 53 : .Width = 703 : .Height = 189
Error in line 790: Syntax error.
.ColumnCount = 10 : .ReadOnly = .F.
Error in line 791: Syntax error.
.AllowAddNew = .F. : .DeleteMark = .F. : .RecordMark = .F.
Error in line 792: Syntax error.
.GridLines = 1 : .Themes = .F. : .FontName = "Tahoma" : .FontSize = 8
Error in line 793: Syntax error.
.Header1.Caption = "Produto" : .Width = 70 : .ReadOnly = .T.
Error in line 796: Syntax error.
.Header1.Caption = "Cor" : .Width = 35 : .ReadOnly = .T.
Error in line 800: Syntax error.
.Header1.Caption = "Opera"+CHR(231)+CHR(227)+"o" : .Width = 60 : .ReadOnly = .T.
Error in line 804: Syntax error.
.Header1.Caption = "N"+CHR(250)+"mero" : .Width = 55 : .ReadOnly = .T.
Error in line 808: Syntax error.
.Header1.Caption = "Quantidade" : .Width = 65 : .ReadOnly = .T.
Error in line 812: Syntax error.
.Header1.Caption = "Produzir" : .Width = 65 : .ReadOnly = .T.
Error in line 817: Syntax error.
.Header1.Caption = "Estoque" : .Width = 65 : .ReadOnly = .F.
Error in line 822: Syntax error.
.Header1.Caption = "Obs" : .Width = 55 : .ReadOnly = .T.
Error in line 827: Syntax error.
.Header1.Caption = "Tam" : .Width = 30 : .ReadOnly = .T.
Error in line 831: Syntax error.
.Header1.Caption = "Produ"+CHR(231)+CHR(227)+"o" : .Width = 65 : .ReadOnly = .F.
Error in line 835: Syntax error.
.AutoSize = .F. : .Caption = "Totais :"
Error in line 845: Syntax error.
.Top = 372 : .Left = 403 : .Width = 42 : .Height = 17
Error in line 846: Syntax error.
.BackStyle = 0 : .FontName = "Tahoma" : .FontSize = 8
Error in line 847: Syntax error.
.Top = 370 : .Left = 449 : .Width = 68 : .Height = 19
Error in line 852: Syntax error.
.ReadOnly = .T. : .Format = "@Z 9999999.999" : .FontName = "Tahoma" : .FontSize = 8
Error in line 853: Syntax error.
.Top = 370 : .Left = 516 : .Width = 67 : .Height = 19
Error in line 858: Syntax error.
.ReadOnly = .T. : .Format = "@Z 9999999.999" : .FontName = "Tahoma" : .FontSize = 8
Error in line 859: Syntax error.
.Top = 370 : .Left = 581 : .Width = 67 : .Height = 19
Error in line 864: Syntax error.
.ReadOnly = .T. : .Format = "@Z 9999999.999" : .FontName = "Tahoma" : .FontSize = 8
Error in line 865: Syntax error.
.Top = 370 : .Left = 648 : .Width = 67 : .Height = 19
Error in line 870: Syntax error.
.ReadOnly = .T. : .Format = "@Z 9999999.999" : .FontName = "Tahoma" : .FontSize = 8
Error in line 871: Syntax error.
.AutoSize = .F. : .Caption = "Observa"+CHR(231)+CHR(227)+"o do Item :"
Error in line 876: Syntax error.
.Top = 400 : .Left = 221 : .Width = 119 : .Height = 17
Error in line 877: Syntax error.
.BackStyle = 0 : .FontName = "Tahoma" : .FontSize = 8
Error in line 878: Syntax error.
.Top = 415 : .Left = 221 : .Width = 396 : .Height = 69
Error in line 883: Syntax error.
.ReadOnly = .T. : .ScrollBars = 2
Error in line 884: Syntax error.
.FontName = "Tahoma" : .FontSize = 8
Error in line 885: Syntax error.
.Top = 394 : .Left = 73 : .Width = 135 : .Height = 92
Error in line 890: Syntax error.
.Visible = .F. : .Stretch = 2
Error in line 891: Syntax error.
.Top = 12 : .Left = 704 : .Width = 75 : .Height = 75
Error in line 896: Syntax error.
.Themes = .F. : .FontName = "Tahoma" : .FontSize = 8
Error in line 898: Syntax error.
.AutoSize = .F. : .Caption = "Totais por Linha"
Error in line 926: Syntax error.
.Top = 147 : .Left = 173 : .Width = 157 : .Height = 25
Error in line 927: Syntax error.
.BackStyle = 0 : .FontName = "Tahoma" : .FontSize = 10 : .FontBold = .T.
Error in line 928: Syntax error.
.Top = 181 : .Left = 167 : .Width = 438 : .Height = 292
Error in line 933: Syntax error.
.ColumnCount = 5 : .ReadOnly = .T.
Error in line 934: Syntax error.
.AllowAddNew = .F. : .DeleteMark = .F. : .RecordMark = .F.
Error in line 935: Syntax error.
.GridLines = 1 : .Themes = .F. : .FontName = "Tahoma" : .FontSize = 8
Error in line 936: Syntax error.
.Header1.Caption = "Linha" : .ControlSource = "TmpLinha.Linhas"
Error in line 939: Syntax error.
.Header1.Caption = "Quantidade" : .ControlSource = "TmpLinha.Saldo"
Error in line 942: Syntax error.
.Header1.Caption = "Estoque" : .ControlSource = "TmpLinha.Estoque"
Error in line 946: Syntax error.
.Header1.Caption = "Produ"+CHR(231)+CHR(227)+"o" : .ControlSource = "TmpLinha.Fabrs"
Error in line 950: Syntax error.
.Header1.Caption = "Produzir" : .ControlSource = "TmpLinha.Produzir"
Error in line 954: Syntax error.
.Top = 12 : .Left = 704 : .Width = 75 : .Height = 75
Error in line 961: Syntax error.
.Themes = .F. : .FontName = "Tahoma" : .FontSize = 8
Error in line 963: Syntax error.
.AutoSize = .F. : .Caption = "Selecionar Estoque"
Error in line 972: Syntax error.
.Top = 138 : .Left = 197 : .Width = 184 : .Height = 25
Error in line 973: Syntax error.
.BackStyle = 0 : .FontName = "Tahoma" : .FontSize = 10 : .FontBold = .T.
Error in line 974: Syntax error.
.Top = 138 : .Left = 479 : .Width = 80 : .Height = 19
Error in line 979: Syntax error.
.ReadOnly = .T. : .FontName = "Tahoma" : .FontSize = 8
Error in line 980: Syntax error.
.Top = 169 : .Left = 191 : .Width = 370 : .Height = 244
Error in line 985: Syntax error.
.ColumnCount = 5 : .ReadOnly = .F.
Error in line 986: Syntax error.
.AllowAddNew = .F. : .DeleteMark = .F. : .RecordMark = .F.
Error in line 987: Syntax error.
.GridLines = 1 : .Themes = .F. : .FontName = "Tahoma" : .FontSize = 8
Error in line 988: Syntax error.
.Header1.Caption = "Grupo" : .ReadOnly = .T. : .ControlSource = "TmpDisp.Grupos"
Error in line 991: Syntax error.
.Header1.Caption = "Conta" : .ReadOnly = .T. : .ControlSource = "TmpDisp.Estos"
Error in line 994: Syntax error.
.Header1.Caption = "Prior" : .ReadOnly = .T. : .ControlSource = "TmpDisp.Priors"
Error in line 997: Syntax error.
.Header1.Caption = "Disponivel" : .ReadOnly = .T. : .ControlSource = "TmpDisp.Disps"
Error in line 1000: Syntax error.
.Header1.Caption = "Utilizar" : .ReadOnly = .F. : .ControlSource = "TmpDisp.Utilizar"
Error in line 1004: Syntax error.
.AutoSize = .F. : .Caption = "Qtde Pedida :"
Error in line 1011: Syntax error.
.Top = 418 : .Left = 220 : .Width = 82 : .Height = 16
Error in line 1012: Syntax error.
.BackStyle = 0 : .FontName = "Tahoma" : .FontSize = 8
Error in line 1013: Syntax error.
.Top = 413 : .Left = 312 : .Width = 67 : .Height = 23
Error in line 1018: Syntax error.
.ReadOnly = .T. : .Format = "@Z 9999999.999" : .FontName = "Tahoma" : .FontSize = 8
Error in line 1019: Syntax error.
.AutoSize = .F. : .Caption = "Qtde Selecionada :"
Error in line 1024: Syntax error.
.Top = 437 : .Left = 192 : .Width = 110 : .Height = 16
Error in line 1025: Syntax error.
.BackStyle = 0 : .FontName = "Tahoma" : .FontSize = 8
Error in line 1026: Syntax error.
.Top = 436 : .Left = 312 : .Width = 67 : .Height = 23
Error in line 1031: Syntax error.
.ReadOnly = .T. : .Format = "@Z 9999999.999" : .FontName = "Tahoma" : .FontSize = 8
Error in line 1032: Syntax error.
.Top = 12 : .Left = 704 : .Width = 75 : .Height = 75
Error in line 1037: Syntax error.
.Themes = .F. : .FontName = "Tahoma" : .FontSize = 8
Error in line 1039: Syntax error.
.AutoSize = .F. : .Caption = "Selecionar Tamanhos"
Error in line 1051: Syntax error.
.Top = 150 : .Left = 246 : .Width = 205 : .Height = 25
Error in line 1052: Syntax error.
.BackStyle = 0 : .FontName = "Tahoma" : .FontSize = 10 : .FontBold = .T.
Error in line 1053: Syntax error.
.Top = 151 : .Left = 486 : .Width = 80 : .Height = 19
Error in line 1058: Syntax error.
.ReadOnly = .T. : .FontName = "Tahoma" : .FontSize = 8
Error in line 1059: Syntax error.
.Top = 181 : .Left = 239 : .Width = 327 : .Height = 228
Error in line 1064: Syntax error.
.ColumnCount = 5 : .ReadOnly = .F.
Error in line 1065: Syntax error.
.AllowAddNew = .F. : .DeleteMark = .F. : .RecordMark = .F.
Error in line 1066: Syntax error.
.GridLines = 1 : .Themes = .F. : .FontName = "Tahoma" : .FontSize = 8
Error in line 1067: Syntax error.
.Header1.Caption = "Produto" : .ReadOnly = .T. : .ControlSource = "TmpDisp.Cpros"
Error in line 1070: Syntax error.
.Header1.Caption = "Cor" : .ReadOnly = .T. : .ControlSource = "TmpDisp.CodCors"
Error in line 1073: Syntax error.
.Header1.Caption = "Tam" : .ReadOnly = .T. : .ControlSource = "TmpDisp.CodTams"
Error in line 1076: Syntax error.
.Header1.Caption = "Disponivel" : .ReadOnly = .T. : .ControlSource = "TmpDisp.Disps"
Error in line 1079: Syntax error.
.Header1.Caption = "Utilizar" : .ReadOnly = .F. : .ControlSource = "TmpDisp.Utilizar"
Error in line 1083: Syntax error.
.AutoSize = .F. : .Caption = "Qtde Pedida :"
Error in line 1090: Syntax error.
.Top = 415 : .Left = 289 : .Width = 82 : .Height = 16
Error in line 1091: Syntax error.
.BackStyle = 0 : .FontName = "Tahoma" : .FontSize = 8
Error in line 1092: Syntax error.
.Top = 410 : .Left = 379 : .Width = 67 : .Height = 23
Error in line 1097: Syntax error.
.ReadOnly = .T. : .Format = "@Z 9999999.999" : .FontName = "Tahoma" : .FontSize = 8
Error in line 1098: Syntax error.
.AutoSize = .F. : .Caption = "Qtde Selecionada :"
Error in line 1103: Syntax error.
.Top = 434 : .Left = 261 : .Width = 110 : .Height = 16
Error in line 1104: Syntax error.
.BackStyle = 0 : .FontName = "Tahoma" : .FontSize = 8
Error in line 1105: Syntax error.
.Top = 433 : .Left = 379 : .Width = 67 : .Height = 23
Error in line 1110: Syntax error.
.ReadOnly = .T. : .Format = "@Z 9999999.999" : .FontName = "Tahoma" : .FontSize = 8
Error in line 1111: Syntax error.
.Top = 12 : .Left = 704 : .Width = 75 : .Height = 75
Error in line 1116: Syntax error.
.Themes = .F. : .FontName = "Tahoma" : .FontSize = 8
Error in line 1118: Syntax error.
.Top = 168 : .Left = 132 : .Width = 294 : .Height = 25
Error in line 1135: Syntax error.
.BackStyle = 0 : .FontName = "Tahoma" : .FontSize = 10 : .FontBold = .T.
Error in line 1136: Syntax error.
.Top = 169 : .Left = 487 : .Width = 80 : .Height = 19
Error in line 1141: Syntax error.
.ReadOnly = .T. : .FontName = "Tahoma" : .FontSize = 8
Error in line 1142: Syntax error.
.Top = 197 : .Left = 119 : .Width = 500 : .Height = 261
Error in line 1147: Syntax error.
.ColumnCount = 5 : .ReadOnly = .F.
Error in line 1148: Syntax error.
.AllowAddNew = .T. : .DeleteMark = .T. : .RecordMark = .F.
Error in line 1149: Syntax error.
.GridLines = 1 : .Themes = .F. : .FontName = "Tahoma" : .FontSize = 8
Error in line 1150: Syntax error.
.Header1.Caption = "Produto" : .ReadOnly = .F.
Error in line 1153: Syntax error.
.Header1.Caption = "Descri"+CHR(231)+CHR(227)+"o" : .ReadOnly = .T.
Error in line 1157: Syntax error.
.Header1.Caption = "Uni" : .ReadOnly = .T.
Error in line 1161: Syntax error.
.Header1.Caption = "Qtde" : .ReadOnly = .F.
Error in line 1165: Syntax error.
.Header1.Caption = "Produto" : .ReadOnly = .F.
Error in line 1170: Syntax error.
.Top = 12 : .Left = 704 : .Width = 75 : .Height = 75
Error in line 1177: Syntax error.
.Themes = .F. : .FontName = "Tahoma" : .FontSize = 8
Error in line 1179: Syntax error.
.Page1.Enabled = .F. : .Page2.Enabled = .F.
Error in line 1475: Syntax error.
.Page1.Enabled = .F. : .Page2.Enabled = .F.
Error in line 1479: Syntax error.
.Page1.Enabled = .F. : .Page2.Enabled = .F.
Error in line 1483: Syntax error.
.Page1.Enabled = .F. : .Page2.Enabled = .F.
Error in line 1487: Syntax error.
.Picture = "" : .Visible = .F.
Error in line 1560: Syntax error.
SUM TmpFinal.Estoque, TmpFinal.Fabrs TO loc_nSumEst, loc_nSumPrc IN TmpFinal
Error in line 2027: Command contains unrecognized phrase/keyword.
SUM TmpDisp.Utilizar TO loc_nQtdUti IN TmpDisp
Error in line 2315: Command contains unrecognized phrase/keyword.
SUM TmpDisp.Utilizar TO loc_nQtdUti IN TmpDisp
Error in line 2378: Command contains unrecognized phrase/keyword.
.Picture = "" : .Visible = .F.
Error in line 2432: Syntax error.


=== FIM ===