AppendLog("=== VALIDACAO DE COMPILACAO - task108 ===")
Error in line 22: Statement is not in a procedure.
AppendLog("")
Error in line 23: Statement is not in a procedure.
LOCAL loc_aArquivos[2]
Error in line 26: Statement is not in a procedure.
loc_aArquivos[1] = "C:\4c\projeto\app\classes\sigregliBO.prg"
Error in line 27: Statement is not in a procedure.
loc_aArquivos[2] = "C:\4c\projeto\app\forms\operacionais\Formsigregli.prg"
Error in line 28: Statement is not in a procedure.
LOCAL loc_i, loc_cArquivo, loc_cFxp, loc_cErr
Error in line 30: Statement is not in a procedure.
FOR loc_i = 1 TO ALEN(loc_aArquivos)
Error in line 32: Statement is not in a procedure.
loc_cArquivo = loc_aArquivos[loc_i]
Error in line 33: Statement is not in a procedure.
loc_cFxp = FORCEEXT(loc_cArquivo, "fxp")
Error in line 34: Statement is not in a procedure.
loc_cErr = FORCEEXT(loc_cArquivo, "err")
Error in line 35: Statement is not in a procedure.
AppendLog("[" + TRANSFORM(loc_i) + "] " + JUSTFNAME(loc_cArquivo))
Error in line 37: Statement is not in a procedure.
IF !FILE(loc_cArquivo)
Error in line 39: Statement is not in a procedure.
AppendLog("    ERRO: Arquivo nao encontrado!")
Error in line 40: Statement is not in a procedure.
loc_lErro = .T.
Error in line 41: Statement is not in a procedure.
LOOP
Error in line 42: Statement is not in a procedure.
ENDIF
Error in line 43: Statement is not in a procedure.
IF FILE(loc_cFxp)
Error in line 46: Statement is not in a procedure.
DELETE FILE (loc_cFxp)
Error in line 47: Statement is not in a procedure.
ENDIF
Error in line 48: Statement is not in a procedure.
IF FILE(loc_cErr)
Error in line 49: Statement is not in a procedure.
DELETE FILE (loc_cErr)
Error in line 50: Statement is not in a procedure.
ENDIF
Error in line 51: Statement is not in a procedure.
TRY
Error in line 53: Statement is not in a procedure.
COMPILE (loc_cArquivo)
Error in line 54: Statement is not in a procedure.
IF FILE(loc_cErr)
Error in line 56: Statement is not in a procedure.
LOCAL loc_cErroTxt
Error in line 57: Statement is not in a procedure.
loc_cErroTxt = FILETOSTR(loc_cErr)
Error in line 58: Statement is not in a procedure.
AppendLog("    ERRO DE COMPILACAO:")
Error in line 59: Statement is not in a procedure.
AppendLog("    " + LEFT(STRTRAN(loc_cErroTxt, CHR(13)+CHR(10), " | "), 300))
Error in line 60: Statement is not in a procedure.
loc_lErro = .T.
Error in line 61: Statement is not in a procedure.
ELSE
Error in line 62: Statement is not in a procedure.
AppendLog("    OK - Compilado com sucesso")
Error in line 63: Statement is not in a procedure.
ENDIF
Error in line 64: Statement is not in a procedure.
CATCH TO loEx
Error in line 66: Statement is not in a procedure.
AppendLog("    EXCECAO: " + loEx.Message)
Error in line 67: Statement is not in a procedure.
loc_lErro = .T.
Error in line 68: Statement is not in a procedure.
ENDTRY
Error in line 69: Statement is not in a procedure.
AppendLog("")
Error in line 71: Statement is not in a procedure.
ENDFOR
Error in line 72: Statement is not in a procedure.
AppendLog("=== RESULTADO ===")
Error in line 74: Statement is not in a procedure.
IF loc_lErro
Error in line 75: Statement is not in a procedure.
AppendLog("STATUS: FALHOU - Erros de compilacao encontrados")
Error in line 76: Statement is not in a procedure.
ELSE
Error in line 77: Statement is not in a procedure.
AppendLog("STATUS: SUCESSO - Todos os arquivos compilaram")
Error in line 78: Statement is not in a procedure.
ENDIF
Error in line 79: Statement is not in a procedure.
STRTOFILE(loc_cLog, loc_cLogFile)
Error in line 81: Statement is not in a procedure.
QUIT
Error in line 83: Statement is not in a procedure.
