=== 07/07/2026 15:23:54 ===
FRX: C:\4C\PROJETO\APP\REPORTS\SIGREPES.FRX
SET POINT: '.'  SET SEPARATOR: ','
SET DECIMALS: 2  SET DATE: BRITISH
SET REPORTBEHAVIOR: 90

CsCabecalho RECCOUNT=1
  Cb_Empresa=[MARCELLA BAHIA]
  Cb_Titulo=[PosińŃo de Estoque Positivo Atual Todos os Itens]
  Cc_Valor1u=[Val("0")]  Cc_Valor1t=[Val("0")]
  CodImagem=[]  ImpImagem=.F.

CsTemporario RECCOUNT=288
  Linha 1:
    CGrus=[ALO] CPros=[1534] DPros=[Alianńa  1534]
    Emps=[001] Grupos=[11210     ] Estos=[1121001   ]
    SQtds=2 TSQtds=0 TotSQtds=2
    VlCusto=5521.6300 VlVenda=16564.9000 VlMedio=0
    TotCusto=11043.2600 TotVenda=33129.8000 TotMedio=0
    CUnis=[PC ] MoeCusto=[R  ]
    TRANSFORM(TotSQtds,'@R 9,999.999')=[    2.000]
    TRANSFORM(SQtds,'999,999.999')=[      2.000]
