[2026-05-16 15:09:23] [INFO] === VFP EXECUTOR v2.0 ===
[2026-05-16 15:09:23] [INFO] Config FPW: (nao fornecido)
[2026-05-16 15:09:23] [INFO] Script PRG: C:\4c\projeto\app\utils\AnalisadorTarefa.prg
[2026-05-16 15:09:23] [INFO] Timeout: 300 segundos
[2026-05-16 15:09:23] [INFO] Wrapper PRG criado para parametros: C:\Users\rafae\AppData\Local\Temp\vfp_wrapper_m1o3xjfn.prg
[2026-05-16 15:09:23] [INFO] Conteudo do wrapper:
[2026-05-16 15:09:23] [INFO] * Auto-generated wrapper for parameters
* Script: C:\4c\projeto\app\utils\AnalisadorTarefa.prg
* Parameters: 'C:\4c\tasks\task044\sigrecca_form_codigo_fonte.txt'

* Anti-dialog protections for unattended execution
SET SAFETY OFF
SET RESOURCE OFF
SET TALK OFF
SET NOTIFY OFF
SYS(2335, 0)

DO "C:\4c\projeto\app\utils\AnalisadorTarefa" WITH 'C:\4c\tasks\task044\sigrecca_form_codigo_fonte.txt'
QUIT

[2026-05-16 15:09:23] [INFO] Comando VFP: C:\Users\rafae\AppData\Local\Temp\vfp_wrapper_m1o3xjfn.prg
[2026-05-16 15:09:23] [INFO] VFP output esperado em: C:\4c\tasks\task044\vfp_output.txt
[2026-05-16 15:09:23] [INFO] Executando Visual FoxPro 9...
[2026-05-16 15:09:23] [INFO] Comando completo: VFP9.EXE -T C:\Users\rafae\AppData\Local\Temp\vfp_wrapper_m1o3xjfn.prg
[2026-05-16 15:09:23] [INFO] Executando: VFP9.EXE -T C:\Users\rafae\AppData\Local\Temp\vfp_wrapper_m1o3xjfn.prg
[2026-05-16 15:09:23] [INFO] Timeout configurado: 300 segundos
[2026-05-16 15:09:23] [INFO] VFP9 finalizou normalmente com exit code: 
[2026-05-16 15:09:23] [INFO] VFP9 finalizado em 0.3254629 segundos
[2026-05-16 15:09:23] [INFO] Exit Code: 
[2026-05-16 15:09:23] [INFO] 
[2026-05-16 15:09:23] [INFO] Arquivos temporarios preservados para inspecao:
[2026-05-16 15:09:23] [INFO]   Wrapper.prg: C:\Users\rafae\AppData\Local\Temp\vfp_wrapper_m1o3xjfn.prg
[2026-05-16 15:09:23] [INFO] 
[2026-05-16 15:09:23] [INFO] === Conteudo do Wrapper.prg temporario ===
[2026-05-16 15:09:23] [INFO] * Auto-generated wrapper for parameters
[2026-05-16 15:09:23] [INFO] * Script: C:\4c\projeto\app\utils\AnalisadorTarefa.prg
[2026-05-16 15:09:23] [INFO] * Parameters: 'C:\4c\tasks\task044\sigrecca_form_codigo_fonte.txt'
[2026-05-16 15:09:23] [INFO] 
[2026-05-16 15:09:23] [INFO] * Anti-dialog protections for unattended execution
[2026-05-16 15:09:23] [INFO] SET SAFETY OFF
[2026-05-16 15:09:23] [INFO] SET RESOURCE OFF
[2026-05-16 15:09:23] [INFO] SET TALK OFF
[2026-05-16 15:09:23] [INFO] SET NOTIFY OFF
[2026-05-16 15:09:23] [INFO] SYS(2335, 0)
[2026-05-16 15:09:23] [INFO] 
[2026-05-16 15:09:23] [INFO] DO "C:\4c\projeto\app\utils\AnalisadorTarefa" WITH 'C:\4c\tasks\task044\sigrecca_form_codigo_fonte.txt'
[2026-05-16 15:09:23] [INFO] QUIT
[2026-05-16 15:09:23] [INFO] 
[2026-05-16 15:09:23] [INFO] === Fim do Wrapper.prg ===
[2026-05-16 15:09:23] [WARN] AVISO: VFP9 retornou exit code  (normal para VFP9 GUI - validar pelo arquivo de saida)
