[2026-04-10 21:23:21] [INFO] === VFP EXECUTOR v2.0 ===
[2026-04-10 21:23:21] [INFO] Config FPW: (nao fornecido)
[2026-04-10 21:23:21] [INFO] Script PRG: C:\4c\projeto\app\utils\ExtratoReduzidoSimples.prg
[2026-04-10 21:23:21] [INFO] Timeout: 300 segundos
[2026-04-10 21:23:21] [INFO] Wrapper PRG criado para parametros: C:\Users\clebe\AppData\Local\Temp\vfp_wrapper_yndrdfbv.prg
[2026-04-10 21:23:21] [INFO] Conteudo do wrapper:
[2026-04-10 21:23:21] [INFO] * Auto-generated wrapper for parameters
* Script: C:\4c\projeto\app\utils\ExtratoReduzidoSimples.prg
* Parameters: 'C:\4c\tasks\task008\sigcdpro_form_codigo_fonte.txt', 400

* Anti-dialog protections for unattended execution
SET SAFETY OFF
SET RESOURCE OFF
SET TALK OFF
SET NOTIFY OFF
SYS(2335, 0)

DO "C:\4c\projeto\app\utils\ExtratoReduzidoSimples" WITH 'C:\4c\tasks\task008\sigcdpro_form_codigo_fonte.txt', 400
QUIT

[2026-04-10 21:23:21] [INFO] Comando VFP: C:\Users\clebe\AppData\Local\Temp\vfp_wrapper_yndrdfbv.prg
[2026-04-10 21:23:21] [INFO] VFP output esperado em: C:\4c\tasks\task008\vfp_output.txt
[2026-04-10 21:23:21] [INFO] Executando Visual FoxPro 9...
[2026-04-10 21:23:21] [INFO] Comando completo: VFP9.EXE -T C:\Users\clebe\AppData\Local\Temp\vfp_wrapper_yndrdfbv.prg
[2026-04-10 21:23:21] [INFO] Executando: VFP9.EXE -T C:\Users\clebe\AppData\Local\Temp\vfp_wrapper_yndrdfbv.prg
[2026-04-10 21:23:21] [INFO] Timeout configurado: 300 segundos
[2026-04-10 21:23:22] [INFO] VFP9 finalizou normalmente com exit code: 
[2026-04-10 21:23:22] [INFO] VFP9 finalizado em 1.2064662 segundos
[2026-04-10 21:23:22] [INFO] Exit Code: 
[2026-04-10 21:23:22] [INFO] 
[2026-04-10 21:23:22] [INFO] Arquivos temporarios preservados para inspecao:
[2026-04-10 21:23:22] [INFO]   Wrapper.prg: C:\Users\clebe\AppData\Local\Temp\vfp_wrapper_yndrdfbv.prg
[2026-04-10 21:23:22] [INFO] 
[2026-04-10 21:23:22] [INFO] === Conteudo do Wrapper.prg temporario ===
[2026-04-10 21:23:22] [INFO] * Auto-generated wrapper for parameters
[2026-04-10 21:23:22] [INFO] * Script: C:\4c\projeto\app\utils\ExtratoReduzidoSimples.prg
[2026-04-10 21:23:22] [INFO] * Parameters: 'C:\4c\tasks\task008\sigcdpro_form_codigo_fonte.txt', 400
[2026-04-10 21:23:23] [INFO] 
[2026-04-10 21:23:23] [INFO] * Anti-dialog protections for unattended execution
[2026-04-10 21:23:23] [INFO] SET SAFETY OFF
[2026-04-10 21:23:23] [INFO] SET RESOURCE OFF
[2026-04-10 21:23:23] [INFO] SET TALK OFF
[2026-04-10 21:23:23] [INFO] SET NOTIFY OFF
[2026-04-10 21:23:23] [INFO] SYS(2335, 0)
[2026-04-10 21:23:23] [INFO] 
[2026-04-10 21:23:23] [INFO] DO "C:\4c\projeto\app\utils\ExtratoReduzidoSimples" WITH 'C:\4c\tasks\task008\sigcdpro_form_codigo_fonte.txt', 400
[2026-04-10 21:23:23] [INFO] QUIT
[2026-04-10 21:23:23] [INFO] 
[2026-04-10 21:23:23] [INFO] === Fim do Wrapper.prg ===
[2026-04-10 21:23:23] [WARN] AVISO: VFP9 retornou exit code  (normal para VFP9 GUI - validar pelo arquivo de saida)
