=== DIAG MENU+FORM 14/07/2026 17:29:48 ===
[1] ConfigurarAmbiente ok
[2] SQL handle = 1
[3] SNAPSHOT 1 (antes CriarMenuPrincipal):
    CNTPAD(_MSYSMENU)     = 7
[4] SNAPSHOT 2 (apos CriarMenuPrincipal - FRESH):
    CNTPAD(_MSYSMENU)     = 14
    CNTBAR(popRelatorios) = 171
    CNTBAR(popFerramentas) = 8
    CNTBAR(popAjuda)       = 1
[5] Criando FormSIGREADS...
    Form criado, VARTYPE=O
[6] SNAPSHOT 3 (apos CREATEOBJECT FormSIGREADS):
    CNTPAD(_MSYSMENU)     = 14
    CNTBAR(popRelatorios) = 171
[7] Form released
[8] SNAPSHOT 4 (apos Release - ALTERED):
    CNTPAD(_MSYSMENU)     = 14
    CNTBAR(popRelatorios) = 171
=== DONE ===
