[2026-06-18 19:06:35] [INFO] === VFP EXECUTOR v2.0 ===
[2026-06-18 19:06:35] [INFO] Config FPW: (nao fornecido)
[2026-06-18 19:06:35] [INFO] Script PRG: C:\4c\projeto\app\utils\AnalisadorComportamento.prg
[2026-06-18 19:06:35] [INFO] Timeout: 300 segundos
[2026-06-18 19:06:35] [INFO] Wrapper PRG criado para parametros: C:\Users\roger\AppData\Local\Temp\vfp_wrapper_eenyz5ra.prg
[2026-06-18 19:06:35] [INFO] Conteudo do wrapper:
[2026-06-18 19:06:35] [INFO] * Auto-generated wrapper for parameters
* Script: C:\4c\projeto\app\utils\AnalisadorComportamento.prg
* Parameters: 'C:\4c\tasks\task140\SigPdMen_form_codigo_fonte.txt', 'C:\4c\tasks\task140\schema_ascii.sql'

* Anti-dialog protections for unattended execution
SET SAFETY OFF
SET RESOURCE OFF
SET TALK OFF
SET NOTIFY OFF
SYS(2335, 0)

DO "C:\4c\projeto\app\utils\AnalisadorComportamento" WITH 'C:\4c\tasks\task140\SigPdMen_form_codigo_fonte.txt', 'C:\4c\tasks\task140\schema_ascii.sql'
QUIT

[2026-06-18 19:06:35] [INFO] Comando VFP: C:\Users\roger\AppData\Local\Temp\vfp_wrapper_eenyz5ra.prg
[2026-06-18 19:06:35] [INFO] VFP output esperado em: C:\4c\tasks\task140\vfp_output_comportamento.txt
[2026-06-18 19:06:35] [INFO] Executando Visual FoxPro 9...
[2026-06-18 19:06:35] [INFO] Comando completo: VFP9.EXE -T C:\Users\roger\AppData\Local\Temp\vfp_wrapper_eenyz5ra.prg
[2026-06-18 19:06:35] [INFO] Executando: VFP9.EXE -T C:\Users\roger\AppData\Local\Temp\vfp_wrapper_eenyz5ra.prg
[2026-06-18 19:06:35] [INFO] Timeout configurado: 300 segundos
[2026-06-18 19:06:35] [INFO] VFP9 finalizou normalmente com exit code: 
[2026-06-18 19:06:35] [INFO] VFP9 finalizado em 0.3669003 segundos
[2026-06-18 19:06:35] [INFO] Exit Code: 
[2026-06-18 19:06:35] [INFO] 
[2026-06-18 19:06:35] [INFO] Arquivos temporarios preservados para inspecao:
[2026-06-18 19:06:35] [INFO]   Wrapper.prg: C:\Users\roger\AppData\Local\Temp\vfp_wrapper_eenyz5ra.prg
[2026-06-18 19:06:35] [INFO] 
[2026-06-18 19:06:35] [INFO] === Conteudo do Wrapper.prg temporario ===
[2026-06-18 19:06:35] [INFO] * Auto-generated wrapper for parameters
[2026-06-18 19:06:35] [INFO] * Script: C:\4c\projeto\app\utils\AnalisadorComportamento.prg
[2026-06-18 19:06:35] [INFO] * Parameters: 'C:\4c\tasks\task140\SigPdMen_form_codigo_fonte.txt', 'C:\4c\tasks\task140\schema_ascii.sql'
[2026-06-18 19:06:35] [INFO] 
[2026-06-18 19:06:35] [INFO] * Anti-dialog protections for unattended execution
[2026-06-18 19:06:35] [INFO] SET SAFETY OFF
[2026-06-18 19:06:35] [INFO] SET RESOURCE OFF
[2026-06-18 19:06:35] [INFO] SET TALK OFF
[2026-06-18 19:06:35] [INFO] SET NOTIFY OFF
[2026-06-18 19:06:35] [INFO] SYS(2335, 0)
[2026-06-18 19:06:35] [INFO] 
[2026-06-18 19:06:35] [INFO] DO "C:\4c\projeto\app\utils\AnalisadorComportamento" WITH 'C:\4c\tasks\task140\SigPdMen_form_codigo_fonte.txt', 'C:\4c\tasks\task140\schema_ascii.sql'
[2026-06-18 19:06:35] [INFO] QUIT
[2026-06-18 19:06:35] [INFO] 
[2026-06-18 19:06:35] [INFO] === Fim do Wrapper.prg ===
[2026-06-18 19:06:35] [WARN] AVISO: VFP9 retornou exit code  (normal para VFP9 GUI - validar pelo arquivo de saida)
